<?xml version="1.0" encoding="UTF-8"?>
<!-- Generated by org.testng.reporters.JUnitReportReporter -->
<testsuite hostname="khosruzs-MBP.lan" failures="0" tests="6" name="com.pageTest.Component_2_Test" time="32.087" errors="0" timestamp="2021-01-14T23:14:22 EST" skipped="0">
  <testcase classname="com.pageTest.Component_2_Test" name="selectLisItemtInVisiblilityTest" time="6.599"/>
  <system-out/>
  <testcase classname="com.pageTest.Component_2_Test" name="selectListVisiblilityTest" time="5.247"/>
  <system-out/>
  <testcase classname="com.pageTest.Component_2_Test" name="clicToRemoveButtonTest" time="6.820"/>
  <system-out/>
  <testcase classname="com.pageTest.Component_2_Test" name="displayItemsTest" time="5.042"/>
  <system-out/>
  <testcase classname="com.pageTest.Component_2_Test" name="pageTitleTest" time="3.490"/>
  <system-out/>
  <testcase classname="com.pageTest.Component_2_Test" name="clickToAddButtonTest" time="4.889"/>
  <system-out/>
</testsuite> <!-- com.pageTest.Component_2_Test -->
