<?xml version="1.0" encoding="UTF-8"?>
<!-- Generated by org.testng.reporters.JUnitReportReporter -->
<testsuite skipped="0" hostname="khosruzs-MBP.lan" name="com.pageTest.Component_2_Test" tests="6" failures="0" timestamp="2021-01-14T23:15:49 EST" time="32.285" errors="0">
  <testcase name="displayItemsTest" time="5.943" classname="com.pageTest.Component_2_Test"/>
  <system-out/>
  <testcase name="selectLisItemtInVisiblilityTest" time="5.842" classname="com.pageTest.Component_2_Test"/>
  <system-out/>
  <testcase name="selectListVisiblilityTest" time="5.312" classname="com.pageTest.Component_2_Test"/>
  <system-out/>
  <testcase name="clicToRemoveButtonTest" time="6.567" classname="com.pageTest.Component_2_Test"/>
  <system-out/>
  <testcase name="pageTitleTest" time="3.669" classname="com.pageTest.Component_2_Test"/>
  <system-out/>
  <testcase name="clickToAddButtonTest" time="4.952" classname="com.pageTest.Component_2_Test"/>
  <system-out/>
</testsuite> <!-- com.pageTest.Component_2_Test -->
